Using pre-set license
Built from '2022.3/staging' branch; Version is '2022.3.9f1 (ea401c316338) revision 15351836'; Using compiler version '192829333'; Build Type 'Release'
OS: 'Windows 10  (10.0.19045) 64bit Education' Language: 'ko' Physical Memory: 16297 MB
BatchMode: 1, IsHumanControllingUs: 0, StartBugReporterOnCrash: 0, Is64bit: 1, IsPro: 1

COMMAND LINE ARGUMENTS:
C:\Program Files\Unity\Hub\Editor\2022.3.9f1\Editor\Unity.exe
-adb2
-batchMode
-noUpm
-name
AssetImportWorker1
-projectPath
C:/Users/Administrator/Desktop/Special2D/Special Forces
-logFile
Logs/AssetImportWorker1.log
-srvPort
56153
Successfully changed project path to: C:/Users/Administrator/Desktop/Special2D/Special Forces
C:/Users/Administrator/Desktop/Special2D/Special Forces
[UnityMemory] Configuration Parameters - Can be set up in boot.config
    "memorysetup-bucket-allocator-granularity=16"
    "memorysetup-bucket-allocator-bucket-count=8"
    "memorysetup-bucket-allocator-block-size=33554432"
    "memorysetup-bucket-allocator-block-count=8"
    "memorysetup-main-allocator-block-size=16777216"
    "memorysetup-thread-allocator-block-size=16777216"
    "memorysetup-gfx-main-allocator-block-size=16777216"
    "memorysetup-gfx-thread-allocator-block-size=16777216"
    "memorysetup-cache-allocator-block-size=4194304"
    "memorysetup-typetree-allocator-block-size=2097152"
    "memorysetup-profiler-bucket-allocator-granularity=16"
    "memorysetup-profiler-bucket-allocator-bucket-count=8"
    "memorysetup-profiler-bucket-allocator-block-size=33554432"
    "memorysetup-profiler-bucket-allocator-block-count=8"
    "memorysetup-profiler-allocator-block-size=16777216"
    "memorysetup-profiler-editor-allocator-block-size=1048576"
    "memorysetup-temp-allocator-size-main=16777216"
    "memorysetup-job-temp-allocator-block-size=2097152"
    "memorysetup-job-temp-allocator-block-size-background=1048576"
    "memorysetup-job-temp-allocator-reduction-small-platforms=262144"
    "memorysetup-allocator-temp-initial-block-size-main=262144"
    "memorysetup-allocator-temp-initial-block-size-worker=262144"
    "memorysetup-temp-allocator-size-background-worker=32768"
    "memorysetup-temp-allocator-size-job-worker=262144"
    "memorysetup-temp-allocator-size-preload-manager=33554432"
    "memorysetup-temp-allocator-size-nav-mesh-worker=65536"
    "memorysetup-temp-allocator-size-audio-worker=65536"
    "memorysetup-temp-allocator-size-cloud-worker=32768"
    "memorysetup-temp-allocator-size-gi-baking-worker=262144"
    "memorysetup-temp-allocator-size-gfx=262144"
Player connection [3828] Host "[IP] 192.168.0.158 [Port] 0 [Flags] 2 [Guid] 942582077 [EditorId] 942582077 [Version] 1048832 [Id] WindowsEditor(7,DESKTOP-L61RPL5) [Debug] 1 [PackageName] WindowsEditor [ProjectName] Editor" joined multi-casting on [225.0.0.222:54997]...

Player connection [3828] Host "[IP] 192.168.0.158 [Port] 0 [Flags] 2 [Guid] 942582077 [EditorId] 942582077 [Version] 1048832 [Id] WindowsEditor(7,DESKTOP-L61RPL5) [Debug] 1 [PackageName] WindowsEditor [ProjectName] Editor" joined alternative multi-casting on [225.0.0.222:34997]...

[Physics::Module] Initialized MultithreadedJobDispatcher with 15 workers.
Refreshing native plugins compatible for Editor in 9.13 ms, found 4 plugins.
Preloading 0 native plugins for Editor in 0.00 ms.
Initialize engine version: 2022.3.9f1 (ea401c316338)
[Subsystems] Discovering subsystems at path C:/Program Files/Unity/Hub/Editor/2022.3.9f1/Editor/Data/Resources/UnitySubsystems
[Subsystems] Discovering subsystems at path C:/Users/Administrator/Desktop/Special2D/Special Forces/Assets
GfxDevice: creating device client; threaded=0; jobified=0
Direct3D:
    Version:  Direct3D 11.0 [level 11.1]
    Renderer: NVIDIA GeForce GTX 1660 (ID=0x2184)
    Vendor:   NVIDIA
    VRAM:     5980 MB
    Driver:   31.0.15.3623
Initialize mono
Mono path[0] = 'C:/Program Files/Unity/Hub/Editor/2022.3.9f1/Editor/Data/Managed'
Mono path[1] = 'C:/Program Files/Unity/Hub/Editor/2022.3.9f1/Editor/Data/MonoBleedingEdge/lib/mono/unityjit-win32'
Mono config path = 'C:/Program Files/Unity/Hub/Editor/2022.3.9f1/Editor/Data/MonoBleedingEdge/etc'
Using monoOptions --debugger-agent=transport=dt_socket,embedding=1,server=y,suspend=n,address=127.0.0.1:56324
Begin MonoManager ReloadAssembly
Registering precompiled unity dll's ...
Register platform support module: C:/Program Files/Unity/Hub/Editor/2022.3.9f1/Editor/Data/PlaybackEngines/WebGLSupport/UnityEditor.WebGL.Extensions.dll
Register platform support module: C:/Program Files/Unity/Hub/Editor/2022.3.9f1/Editor/Data/PlaybackEngines/WindowsStandaloneSupport/UnityEditor.WindowsStandalone.Extensions.dll
Registered in 0.009420 seconds.
- Loaded All Assemblies, in  0.322 seconds
Native extension for WindowsStandalone target not found
Native extension for WebGL target not found
Mono: successfully reloaded assembly
- Finished resetting the current domain, in  0.222 seconds
Domain Reload Profiling: 542ms
	BeginReloadAssembly (97ms)
		ExecutionOrderSort (0ms)
		DisableScriptedObjects (0ms)
		BackupInstance (0ms)
		ReleaseScriptingObjects (0ms)
		CreateAndSetChildDomain (1ms)
	RebuildCommonClasses (31ms)
	RebuildNativeTypeToScriptingClass (10ms)
	initialDomainReloadingComplete (54ms)
	LoadAllAssembliesAndSetupDomain (128ms)
		LoadAssemblies (96ms)
		RebuildTransferFunctionScriptingTraits (0ms)
		AnalyzeDomain (126ms)
			TypeCache.Refresh (125ms)
				TypeCache.ScanAssembly (112ms)
			ScanForSourceGeneratedMonoScriptInfo (0ms)
			ResolveRequiredComponents (0ms)
	FinalizeReload (222ms)
		ReleaseScriptCaches (0ms)
		RebuildScriptCaches (0ms)
		SetupLoadedEditorAssemblies (171ms)
			LogAssemblyErrors (0ms)
			InitializePlatformSupportModulesInManaged (9ms)
			SetLoadedEditorAssemblies (4ms)
			RefreshPlugins (0ms)
			BeforeProcessingInitializeOnLoad (2ms)
			ProcessInitializeOnLoadAttributes (115ms)
			ProcessInitializeOnLoadMethodAttributes (41ms)
			AfterProcessingInitializeOnLoad (0ms)
			EditorAssembliesLoaded (0ms)
		ExecutionOrderSort2 (0ms)
		AwakeInstancesAfterBackupRestoration (0ms)
========================================================================
Worker process is ready to serve import requests
Begin MonoManager ReloadAssembly
- Loaded All Assemblies, in  0.609 seconds
Refreshing native plugins compatible for Editor in 3.58 ms, found 4 plugins.
Native extension for WindowsStandalone target not found
Native extension for WebGL target not found
Package Manager log level set to [2]
[Package Manager] Server::EnsureServerProcessIsRunning -- launch failed, reason: Unity was launched with the -noUpm command-line argument
[Package Manager] UpmClient::Send -- Unable to send message (not connected to UPM process).
[Package Manager] Cannot connect to Unity Package Manager local server
Mono: successfully reloaded assembly
- Finished resetting the current domain, in  0.580 seconds
Domain Reload Profiling: 1186ms
	BeginReloadAssembly (132ms)
		ExecutionOrderSort (0ms)
		DisableScriptedObjects (6ms)
		BackupInstance (0ms)
		ReleaseScriptingObjects (0ms)
		CreateAndSetChildDomain (21ms)
	RebuildCommonClasses (29ms)
	RebuildNativeTypeToScriptingClass (10ms)
	initialDomainReloadingComplete (37ms)
	LoadAllAssembliesAndSetupDomain (397ms)
		LoadAssemblies (300ms)
		RebuildTransferFunctionScriptingTraits (0ms)
		AnalyzeDomain (171ms)
			TypeCache.Refresh (146ms)
				TypeCache.ScanAssembly (128ms)
			ScanForSourceGeneratedMonoScriptInfo (20ms)
			ResolveRequiredComponents (4ms)
	FinalizeReload (581ms)
		ReleaseScriptCaches (0ms)
		RebuildScriptCaches (0ms)
		SetupLoadedEditorAssemblies (431ms)
			LogAssemblyErrors (0ms)
			InitializePlatformSupportModulesInManaged (8ms)
			SetLoadedEditorAssemblies (3ms)
			RefreshPlugins (0ms)
			BeforeProcessingInitializeOnLoad (65ms)
			ProcessInitializeOnLoadAttributes (311ms)
			ProcessInitializeOnLoadMethodAttributes (36ms)
			AfterProcessingInitializeOnLoad (8ms)
			EditorAssembliesLoaded (0ms)
		ExecutionOrderSort2 (0ms)
		AwakeInstancesAfterBackupRestoration (7ms)
Launched and connected shader compiler UnityShaderCompiler.exe after 0.04 seconds
Refreshing native plugins compatible for Editor in 5.47 ms, found 4 plugins.
Preloading 0 native plugins for Editor in 0.00 ms.
Unloading 4055 Unused Serialized files (Serialized files now loaded: 0)
Unloading 63 unused Assets / (60.8 KB). Loaded Objects now: 4518.
Memory consumption went from 137.8 MB to 137.7 MB.
Total: 4.802900 ms (FindLiveObjects: 0.370400 ms CreateObjectMapping: 0.365300 ms MarkObjects: 3.907600 ms  DeleteObjects: 0.158600 ms)

AssetImportParameters requested are different than current active one (requested -> active):
  custom:container-demuxer-ogg: 62fdf1f143b41e24485cea50d1cbac27 -> 
  custom:video-decoder-ogg-theora: a1e56fd34408186e4bbccfd4996cb3dc -> 
  custom:framework-win-MediaFoundation: 216162199b28c13a410421893ffa2e32 -> 
  custom:CustomObjectIndexerAttribute: 756ad292c208cfabdd7b50bc23989ffe -> 
  custom:container-demuxer-webm: 4f35f7cbe854078d1ac9338744f61a02 -> 
  custom:container-muxer-webm: aa71ff27fc2769a1b78a27578f13a17b -> 
  custom:video-decoder-webm-vp8: 9c59270c3fd7afecdb556c50c9e8de78 -> 
  custom:SearchIndexIgnoredProperties: e643bd26f0fe6173181afceb89e7c659 -> 
  custom:AudioImporter_EditorPlatform: d09bf68614088b80899f8185d706f6e7 -> 
  custom:video-encoder-webm-vp8: eb34c28f22e8b96e1ab97ce403110664 -> 
  custom:audio-decoder-ogg-vorbis: bf7c407c2cedff20999df2af8eb42d56 -> 
  custom:audio-encoder-webm-vorbis: bf7c407c2cedff20999df2af8eb42d56 -> 
========================================================================
Received Import Request.
  Time since last request: 88170.651376 seconds.
  path: Assets/Materials/Flash Material.mat
  artifactKey: Guid(db702f674fb63db4d99e2ef8bd2a1fe1) Importer(815301076,1909f56bfc062723c751e8b465ee728b)
Start importing Assets/Materials/Flash Material.mat using Guid(db702f674fb63db4d99e2ef8bd2a1fe1) Importer(815301076,1909f56bfc062723c751e8b465ee728b)  -> (artifact id: 'd0e18d333d2edb83df8e8574c38de798') in 0.093523 seconds
Number of updated asset objects reloaded before import = 0
Number of asset objects unloaded after import = 1
========================================================================
Received Import Request.
  Time since last request: 21.327728 seconds.
  path: Assets/2D Character - Astronaut/Variant A/Sprites/Tilemap/Deco_01.png
  artifactKey: Guid(f818b71b3300492c8d6b45218ff3680f) Importer(815301076,1909f56bfc062723c751e8b465ee728b)
Start importing Assets/2D Character - Astronaut/Variant A/Sprites/Tilemap/Deco_01.png using Guid(f818b71b3300492c8d6b45218ff3680f) Importer(815301076,1909f56bfc062723c751e8b465ee728b)  -> (artifact id: '775a4dab33f818efdb01d4d98299dcc4') in 0.038791 seconds
Number of updated asset objects reloaded before import = 0
Number of asset objects unloaded after import = 3
========================================================================
Received Import Request.
  Time since last request: 0.000014 seconds.
  path: Assets/2D Character - Astronaut/Variant A/Sprites/Tilemap/Tilemap.png
  artifactKey: Guid(83af4c0dcd9f45e0b1bae337e1573b01) Importer(815301076,1909f56bfc062723c751e8b465ee728b)
Start importing Assets/2D Character - Astronaut/Variant A/Sprites/Tilemap/Tilemap.png using Guid(83af4c0dcd9f45e0b1bae337e1573b01) Importer(815301076,1909f56bfc062723c751e8b465ee728b)  -> (artifact id: '26a5d92d025ca53aea545e94d254d948') in 0.335221 seconds
Number of updated asset objects reloaded before import = 0
Number of asset objects unloaded after import = 61
========================================================================
Received Prepare
Begin MonoManager ReloadAssembly
- Loaded All Assemblies, in  0.429 seconds
Refreshing native plugins compatible for Editor in 3.69 ms, found 4 plugins.
Native extension for WindowsStandalone target not found
Native extension for WebGL target not found
[Package Manager] Server::EnsureServerProcessIsRunning -- launch failed, reason: Unity was launched with the -noUpm command-line argument
[Package Manager] UpmClient::Send -- Unable to send message (not connected to UPM process).
[Package Manager] Cannot connect to Unity Package Manager local server
Mono: successfully reloaded assembly
- Finished resetting the current domain, in  0.846 seconds
Domain Reload Profiling: 1272ms
	BeginReloadAssembly (152ms)
		ExecutionOrderSort (0ms)
		DisableScriptedObjects (10ms)
		BackupInstance (0ms)
		ReleaseScriptingObjects (0ms)
		CreateAndSetChildDomain (35ms)
	RebuildCommonClasses (34ms)
	RebuildNativeTypeToScriptingClass (10ms)
	initialDomainReloadingComplete (26ms)
	LoadAllAssembliesAndSetupDomain (202ms)
		LoadAssemblies (267ms)
		RebuildTransferFunctionScriptingTraits (0ms)
		AnalyzeDomain (12ms)
			TypeCache.Refresh (7ms)
				TypeCache.ScanAssembly (0ms)
			ScanForSourceGeneratedMonoScriptInfo (0ms)
			ResolveRequiredComponents (5ms)
	FinalizeReload (847ms)
		ReleaseScriptCaches (0ms)
		RebuildScriptCaches (0ms)
		SetupLoadedEditorAssemblies (386ms)
			LogAssemblyErrors (0ms)
			InitializePlatformSupportModulesInManaged (7ms)
			SetLoadedEditorAssemblies (4ms)
			RefreshPlugins (0ms)
			BeforeProcessingInitializeOnLoad (72ms)
			ProcessInitializeOnLoadAttributes (267ms)
			ProcessInitializeOnLoadMethodAttributes (29ms)
			AfterProcessingInitializeOnLoad (7ms)
			EditorAssembliesLoaded (0ms)
		ExecutionOrderSort2 (0ms)
		AwakeInstancesAfterBackupRestoration (13ms)
Refreshing native plugins compatible for Editor in 4.56 ms, found 4 plugins.
Preloading 0 native plugins for Editor in 0.00 ms.
Unloading 4043 Unused Serialized files (Serialized files now loaded: 0)
Unloading 35 unused Assets / (34.6 KB). Loaded Objects now: 4567.
Memory consumption went from 139.5 MB to 139.5 MB.
Total: 3.939700 ms (FindLiveObjects: 0.348500 ms CreateObjectMapping: 0.372000 ms MarkObjects: 3.159700 ms  DeleteObjects: 0.058700 ms)

Prepare: number of updated asset objects reloaded= 0
AssetImportParameters requested are different than current active one (requested -> active):
  custom:container-demuxer-ogg: 62fdf1f143b41e24485cea50d1cbac27 -> 
  custom:video-decoder-ogg-theora: a1e56fd34408186e4bbccfd4996cb3dc -> 
  custom:framework-win-MediaFoundation: 216162199b28c13a410421893ffa2e32 -> 
  custom:CustomObjectIndexerAttribute: 756ad292c208cfabdd7b50bc23989ffe -> 
  custom:container-demuxer-webm: 4f35f7cbe854078d1ac9338744f61a02 -> 
  custom:container-muxer-webm: aa71ff27fc2769a1b78a27578f13a17b -> 
  custom:video-decoder-webm-vp8: 9c59270c3fd7afecdb556c50c9e8de78 -> 
  custom:SearchIndexIgnoredProperties: e643bd26f0fe6173181afceb89e7c659 -> 
  custom:AudioImporter_EditorPlatform: d09bf68614088b80899f8185d706f6e7 -> 
  custom:video-encoder-webm-vp8: eb34c28f22e8b96e1ab97ce403110664 -> 
  custom:audio-decoder-ogg-vorbis: bf7c407c2cedff20999df2af8eb42d56 -> 
  custom:audio-encoder-webm-vorbis: bf7c407c2cedff20999df2af8eb42d56 -> 
========================================================================
Received Import Request.
  Time since last request: 471.143253 seconds.
  path: Assets/2D Character - Astronaut/Variant A/Sprites/Character/gun_walk/up/01.png
  artifactKey: Guid(28ffac4e193a4195be0f250bc3fd3d99) Importer(815301076,1909f56bfc062723c751e8b465ee728b)
Start importing Assets/2D Character - Astronaut/Variant A/Sprites/Character/gun_walk/up/01.png using Guid(28ffac4e193a4195be0f250bc3fd3d99) Importer(815301076,1909f56bfc062723c751e8b465ee728b)  -> (artifact id: 'b808a90c1088a0895026da8ce3b39a3e') in 0.064715 seconds
Number of updated asset objects reloaded before import = 0
Number of asset objects unloaded after import = 3
========================================================================
Received Import Request.
  Time since last request: 0.000023 seconds.
  path: Assets/2D Character - Astronaut/Variant A/Sprites/General/Weapons/Sword/down/01.png
  artifactKey: Guid(ae9cb2950fa24cb8a4b8fb439b8e5aac) Importer(815301076,1909f56bfc062723c751e8b465ee728b)
Start importing Assets/2D Character - Astronaut/Variant A/Sprites/General/Weapons/Sword/down/01.png using Guid(ae9cb2950fa24cb8a4b8fb439b8e5aac) Importer(815301076,1909f56bfc062723c751e8b465ee728b)  -> (artifact id: '401d9d81ed220899d85404374585704a') in 0.021973 seconds
Number of updated asset objects reloaded before import = 0
Number of asset objects unloaded after import = 3
========================================================================
Received Import Request.
  Time since last request: 0.000023 seconds.
  path: Assets/2D Character - Astronaut/Variant A/Sprites/Character/hammer_attack/side/01.png
  artifactKey: Guid(630d115123794f32b2935a105c17095a) Importer(815301076,1909f56bfc062723c751e8b465ee728b)
Start importing Assets/2D Character - Astronaut/Variant A/Sprites/Character/hammer_attack/side/01.png using Guid(630d115123794f32b2935a105c17095a) Importer(815301076,1909f56bfc062723c751e8b465ee728b)  -> (artifact id: 'e090666dcfffc17cb2e81537403a19a5') in 0.020655 seconds
Number of updated asset objects reloaded before import = 0
Number of asset objects unloaded after import = 3
========================================================================
Received Import Request.
  Time since last request: 0.000014 seconds.
  path: Assets/2D Character - Astronaut/Variant A/Sprites/General/Weapons/Sword/side/01.png
  artifactKey: Guid(04c135add66c4ea18dc4a67e0953fb0e) Importer(815301076,1909f56bfc062723c751e8b465ee728b)
Start importing Assets/2D Character - Astronaut/Variant A/Sprites/General/Weapons/Sword/side/01.png using Guid(04c135add66c4ea18dc4a67e0953fb0e) Importer(815301076,1909f56bfc062723c751e8b465ee728b)  -> (artifact id: 'efeb43b61c6137ec6443b09c1ebbbfa0') in 0.017927 seconds
Number of updated asset objects reloaded before import = 0
Number of asset objects unloaded after import = 3
========================================================================
Received Import Request.
  Time since last request: 0.000021 seconds.
  path: Assets/2D Character - Astronaut/Variant A/Sprites/Character/hammer_attack/down_overlay/01.png
  artifactKey: Guid(18be6d67c62140ec9b462ed75d78b29f) Importer(815301076,1909f56bfc062723c751e8b465ee728b)
Start importing Assets/2D Character - Astronaut/Variant A/Sprites/Character/hammer_attack/down_overlay/01.png using Guid(18be6d67c62140ec9b462ed75d78b29f) Importer(815301076,1909f56bfc062723c751e8b465ee728b)  -> (artifact id: 'bc44df3099a39f4af3ffb6af2095f154') in 0.017981 seconds
Number of updated asset objects reloaded before import = 0
Number of asset objects unloaded after import = 3
========================================================================
Received Import Request.
  Time since last request: 7.092070 seconds.
  path: Assets/Cute-GUI-Pack-Lite/PNG/18_roulette/01/bg-1.png
  artifactKey: Guid(e53c366308e5ab245adebc1b7a5f7ed1) Importer(815301076,1909f56bfc062723c751e8b465ee728b)
Start importing Assets/Cute-GUI-Pack-Lite/PNG/18_roulette/01/bg-1.png using Guid(e53c366308e5ab245adebc1b7a5f7ed1) Importer(815301076,1909f56bfc062723c751e8b465ee728b)  -> (artifact id: '2ed50b98384b6a820edb5a0b6c6adf57') in 0.024960 seconds
Number of updated asset objects reloaded before import = 0
Number of asset objects unloaded after import = 3
========================================================================
Received Import Request.
  Time since last request: 0.000016 seconds.
  path: Assets/Cute-GUI-Pack-Lite/PNG/18_roulette/01/bg_02.png
  artifactKey: Guid(3dc0b757d3cc0354f8119c36abb6d087) Importer(815301076,1909f56bfc062723c751e8b465ee728b)
Start importing Assets/Cute-GUI-Pack-Lite/PNG/18_roulette/01/bg_02.png using Guid(3dc0b757d3cc0354f8119c36abb6d087) Importer(815301076,1909f56bfc062723c751e8b465ee728b)  -> (artifact id: 'c06ca3f1615b0d23ad1b935ec7e68e42') in 0.031551 seconds
Number of updated asset objects reloaded before import = 0
Number of asset objects unloaded after import = 3
========================================================================
Received Import Request.
  Time since last request: 0.000023 seconds.
  path: Assets/Cute-GUI-Pack-Lite/PNG/18_roulette/01/Gacha_bg.png
  artifactKey: Guid(8cb939d75027c5045a631f79d8fa2501) Importer(815301076,1909f56bfc062723c751e8b465ee728b)
Start importing Assets/Cute-GUI-Pack-Lite/PNG/18_roulette/01/Gacha_bg.png using Guid(8cb939d75027c5045a631f79d8fa2501) Importer(815301076,1909f56bfc062723c751e8b465ee728b)  -> (artifact id: 'a347e382b475f0e1c326cd6cbfba64ae') in 0.047658 seconds
Number of updated asset objects reloaded before import = 0
Number of asset objects unloaded after import = 3
========================================================================
Received Import Request.
  Time since last request: 0.000015 seconds.
  path: Assets/Cute-GUI-Pack-Lite/PNG/18_roulette/01/close.png
  artifactKey: Guid(1013008592ce6a74582948d1b9be6e92) Importer(815301076,1909f56bfc062723c751e8b465ee728b)
Start importing Assets/Cute-GUI-Pack-Lite/PNG/18_roulette/01/close.png using Guid(1013008592ce6a74582948d1b9be6e92) Importer(815301076,1909f56bfc062723c751e8b465ee728b)  -> (artifact id: 'dd615d078a8bce0fa2a4eec7964b4b98') in 0.096621 seconds
Number of updated asset objects reloaded before import = 0
Number of asset objects unloaded after import = 3
========================================================================
Received Import Request.
  Time since last request: 0.000019 seconds.
  path: Assets/Cute-GUI-Pack-Lite/PNG/18_roulette/01/Gacha_top_bg.png
  artifactKey: Guid(636dddda9a5893e46b8ae77bb56e295b) Importer(815301076,1909f56bfc062723c751e8b465ee728b)
Start importing Assets/Cute-GUI-Pack-Lite/PNG/18_roulette/01/Gacha_top_bg.png using Guid(636dddda9a5893e46b8ae77bb56e295b) Importer(815301076,1909f56bfc062723c751e8b465ee728b)  -> (artifact id: '30421ebc05aa27f22cc517f52d6ff0ff') in 0.067370 seconds
Number of updated asset objects reloaded before import = 0
Number of asset objects unloaded after import = 3
========================================================================
Received Import Request.
  Time since last request: 0.000022 seconds.
  path: Assets/Cute-GUI-Pack-Lite/PNG/18_roulette/01/shop_inventory_object_02.png
  artifactKey: Guid(a1358eb7276b2ed46a830cb14edcba3b) Importer(815301076,1909f56bfc062723c751e8b465ee728b)
Start importing Assets/Cute-GUI-Pack-Lite/PNG/18_roulette/01/shop_inventory_object_02.png using Guid(a1358eb7276b2ed46a830cb14edcba3b) Importer(815301076,1909f56bfc062723c751e8b465ee728b)  -> (artifact id: '2687dd21b945a9f6bb984e8d6d20f4e0') in 0.022495 seconds
Number of updated asset objects reloaded before import = 0
Number of asset objects unloaded after import = 3
Editor requested this worker to shutdown with reason: Scaling down because of idle timeout
TcpMessagingSession - receive error: operation aborted. errorcode: 995, details: 스레드 종료 또는 응용 프로그램 요청 때문에 I/O 작업이 취소되었습니다.
AssetImportWorker is now disconnected from the server
Process exiting
Exiting without the bug reporter. Application will terminate with return code 0