Using pre-set license
Built from '2022.3/staging' branch; Version is '2022.3.9f1 (ea401c316338) revision 15351836'; Using compiler version '192829333'; Build Type 'Release'
OS: 'Windows 10  (10.0.19045) 64bit Professional' Language: 'ko' Physical Memory: 16317 MB
BatchMode: 1, IsHumanControllingUs: 0, StartBugReporterOnCrash: 0, Is64bit: 1, IsPro: 1

COMMAND LINE ARGUMENTS:
C:\Program Files\Unity\Hub\Editor\2022.3.9f1\Editor\Unity.exe
-adb2
-batchMode
-noUpm
-name
AssetImportWorker0
-projectPath
C:/Users/tonuy/Desktop/Special2D/Special Forces
-logFile
Logs/AssetImportWorker0.log
-srvPort
55466
Successfully changed project path to: C:/Users/tonuy/Desktop/Special2D/Special Forces
C:/Users/tonuy/Desktop/Special2D/Special Forces
[UnityMemory] Configuration Parameters - Can be set up in boot.config
    "memorysetup-bucket-allocator-granularity=16"
    "memorysetup-bucket-allocator-bucket-count=8"
    "memorysetup-bucket-allocator-block-size=33554432"
    "memorysetup-bucket-allocator-block-count=8"
    "memorysetup-main-allocator-block-size=16777216"
    "memorysetup-thread-allocator-block-size=16777216"
    "memorysetup-gfx-main-allocator-block-size=16777216"
    "memorysetup-gfx-thread-allocator-block-size=16777216"
    "memorysetup-cache-allocator-block-size=4194304"
    "memorysetup-typetree-allocator-block-size=2097152"
    "memorysetup-profiler-bucket-allocator-granularity=16"
    "memorysetup-profiler-bucket-allocator-bucket-count=8"
    "memorysetup-profiler-bucket-allocator-block-size=33554432"
    "memorysetup-profiler-bucket-allocator-block-count=8"
    "memorysetup-profiler-allocator-block-size=16777216"
    "memorysetup-profiler-editor-allocator-block-size=1048576"
    "memorysetup-temp-allocator-size-main=16777216"
    "memorysetup-job-temp-allocator-block-size=2097152"
    "memorysetup-job-temp-allocator-block-size-background=1048576"
    "memorysetup-job-temp-allocator-reduction-small-platforms=262144"
    "memorysetup-allocator-temp-initial-block-size-main=262144"
    "memorysetup-allocator-temp-initial-block-size-worker=262144"
    "memorysetup-temp-allocator-size-background-worker=32768"
    "memorysetup-temp-allocator-size-job-worker=262144"
    "memorysetup-temp-allocator-size-preload-manager=33554432"
    "memorysetup-temp-allocator-size-nav-mesh-worker=65536"
    "memorysetup-temp-allocator-size-audio-worker=65536"
    "memorysetup-temp-allocator-size-cloud-worker=32768"
    "memorysetup-temp-allocator-size-gi-baking-worker=262144"
    "memorysetup-temp-allocator-size-gfx=262144"
Player connection [8832] Host "[IP] 192.168.35.196 [Port] 0 [Flags] 2 [Guid] 1836680519 [EditorId] 1836680519 [Version] 1048832 [Id] WindowsEditor(7,DESKTOP-K8150E4) [Debug] 1 [PackageName] WindowsEditor [ProjectName] Editor" joined multi-casting on [225.0.0.222:54997]...

Player connection [8832] Host "[IP] 192.168.35.196 [Port] 0 [Flags] 2 [Guid] 1836680519 [EditorId] 1836680519 [Version] 1048832 [Id] WindowsEditor(7,DESKTOP-K8150E4) [Debug] 1 [PackageName] WindowsEditor [ProjectName] Editor" joined alternative multi-casting on [225.0.0.222:34997]...

[Physics::Module] Initialized MultithreadedJobDispatcher with 5 workers.
Refreshing native plugins compatible for Editor in 89.81 ms, found 4 plugins.
Preloading 0 native plugins for Editor in 0.00 ms.
Initialize engine version: 2022.3.9f1 (ea401c316338)
[Subsystems] Discovering subsystems at path C:/Program Files/Unity/Hub/Editor/2022.3.9f1/Editor/Data/Resources/UnitySubsystems
[Subsystems] Discovering subsystems at path C:/Users/tonuy/Desktop/Special2D/Special Forces/Assets
GfxDevice: creating device client; threaded=0; jobified=0
Direct3D:
    Version:  Direct3D 11.0 [level 11.1]
    Renderer: NVIDIA GeForce GTX 1060 6GB (ID=0x1c03)
    Vendor:   NVIDIA
    VRAM:     6044 MB
    Driver:   31.0.15.4592
Initialize mono
Mono path[0] = 'C:/Program Files/Unity/Hub/Editor/2022.3.9f1/Editor/Data/Managed'
Mono path[1] = 'C:/Program Files/Unity/Hub/Editor/2022.3.9f1/Editor/Data/MonoBleedingEdge/lib/mono/unityjit-win32'
Mono config path = 'C:/Program Files/Unity/Hub/Editor/2022.3.9f1/Editor/Data/MonoBleedingEdge/etc'
Using monoOptions --debugger-agent=transport=dt_socket,embedding=1,server=y,suspend=n,address=127.0.0.1:56044
Begin MonoManager ReloadAssembly
Registering precompiled unity dll's ...
Register platform support module: C:/Program Files/Unity/Hub/Editor/2022.3.9f1/Editor/Data/PlaybackEngines/WindowsStandaloneSupport/UnityEditor.WindowsStandalone.Extensions.dll
Registered in 0.051706 seconds.
- Loaded All Assemblies, in  1.547 seconds
Native extension for WindowsStandalone target not found
Mono: successfully reloaded assembly
- Finished resetting the current domain, in  0.656 seconds
Domain Reload Profiling: 2201ms
	BeginReloadAssembly (677ms)
		ExecutionOrderSort (0ms)
		DisableScriptedObjects (0ms)
		BackupInstance (0ms)
		ReleaseScriptingObjects (0ms)
		CreateAndSetChildDomain (1ms)
	RebuildCommonClasses (195ms)
	RebuildNativeTypeToScriptingClass (50ms)
	initialDomainReloadingComplete (206ms)
	LoadAllAssembliesAndSetupDomain (416ms)
		LoadAssemblies (667ms)
		RebuildTransferFunctionScriptingTraits (0ms)
		AnalyzeDomain (412ms)
			TypeCache.Refresh (410ms)
				TypeCache.ScanAssembly (378ms)
			ScanForSourceGeneratedMonoScriptInfo (1ms)
			ResolveRequiredComponents (0ms)
	FinalizeReload (657ms)
		ReleaseScriptCaches (0ms)
		RebuildScriptCaches (0ms)
		SetupLoadedEditorAssemblies (534ms)
			LogAssemblyErrors (0ms)
			InitializePlatformSupportModulesInManaged (20ms)
			SetLoadedEditorAssemblies (17ms)
			RefreshPlugins (0ms)
			BeforeProcessingInitializeOnLoad (7ms)
			ProcessInitializeOnLoadAttributes (352ms)
			ProcessInitializeOnLoadMethodAttributes (137ms)
			AfterProcessingInitializeOnLoad (1ms)
			EditorAssembliesLoaded (0ms)
		ExecutionOrderSort2 (0ms)
		AwakeInstancesAfterBackupRestoration (0ms)
========================================================================
Worker process is ready to serve import requests
Begin MonoManager ReloadAssembly
- Loaded All Assemblies, in  7.583 seconds
Refreshing native plugins compatible for Editor in 17.20 ms, found 4 plugins.
Native extension for WindowsStandalone target not found
Package Manager log level set to [2]
[Package Manager] Server::EnsureServerProcessIsRunning -- launch failed, reason: Unity was launched with the -noUpm command-line argument
[Package Manager] UpmClient::Send -- Unable to send message (not connected to UPM process).
[Package Manager] Cannot connect to Unity Package Manager local server
Mono: successfully reloaded assembly
- Finished resetting the current domain, in  4.843 seconds
Domain Reload Profiling: 12348ms
	BeginReloadAssembly (1594ms)
		ExecutionOrderSort (0ms)
		DisableScriptedObjects (45ms)
		BackupInstance (0ms)
		ReleaseScriptingObjects (1ms)
		CreateAndSetChildDomain (93ms)
	RebuildCommonClasses (268ms)
	RebuildNativeTypeToScriptingClass (133ms)
	initialDomainReloadingComplete (473ms)
	LoadAllAssembliesAndSetupDomain (5035ms)
		LoadAssemblies (4700ms)
		RebuildTransferFunctionScriptingTraits (0ms)
		AnalyzeDomain (1420ms)
			TypeCache.Refresh (1241ms)
				TypeCache.ScanAssembly (1116ms)
			ScanForSourceGeneratedMonoScriptInfo (158ms)
			ResolveRequiredComponents (14ms)
	FinalizeReload (4844ms)
		ReleaseScriptCaches (0ms)
		RebuildScriptCaches (0ms)
		SetupLoadedEditorAssemblies (3727ms)
			LogAssemblyErrors (0ms)
			InitializePlatformSupportModulesInManaged (47ms)
			SetLoadedEditorAssemblies (25ms)
			RefreshPlugins (0ms)
			BeforeProcessingInitializeOnLoad (465ms)
			ProcessInitializeOnLoadAttributes (2926ms)
			ProcessInitializeOnLoadMethodAttributes (241ms)
			AfterProcessingInitializeOnLoad (24ms)
			EditorAssembliesLoaded (0ms)
		ExecutionOrderSort2 (0ms)
		AwakeInstancesAfterBackupRestoration (80ms)
Failed to load shader (instanceID 396, GUID 7cbb3655339ec401ca75ba5fe26884f4)
Failed to load shader (instanceID 398, GUID bedd19944f451ba4d83e7ed69be98d5c)
Failed to load shader (instanceID 400, GUID 3230fdc399f8287488325e5941a00527)
Failed to load shader (instanceID 402, GUID 9c442dc870b456e48b615cd8add0e9ef)
Failed to load shader (instanceID 404, GUID 603d454d711fe784cba9ce08dd22b881)
Failed to load shader (instanceID 406, GUID 0a8f4dcd626bcd14bbbfa5a5e116b16e)
Launched and connected shader compiler UnityShaderCompiler.exe after 0.16 seconds
Refreshing native plugins compatible for Editor in 21.54 ms, found 4 plugins.
Preloading 0 native plugins for Editor in 0.00 ms.
Unloading 4052 Unused Serialized files (Serialized files now loaded: 0)
Unloading 63 unused Assets / (60.5 KB). Loaded Objects now: 4516.
Memory consumption went from 135.9 MB to 135.8 MB.
Total: 11.514200 ms (FindLiveObjects: 0.398500 ms CreateObjectMapping: 0.332000 ms MarkObjects: 10.613800 ms  DeleteObjects: 0.168700 ms)

AssetImportParameters requested are different than current active one (requested -> active):
  custom:container-demuxer-ogg: 62fdf1f143b41e24485cea50d1cbac27 -> 
  custom:video-decoder-ogg-theora: a1e56fd34408186e4bbccfd4996cb3dc -> 
  custom:framework-win-MediaFoundation: 216162199b28c13a410421893ffa2e32 -> 
  custom:CustomObjectIndexerAttribute: 756ad292c208cfabdd7b50bc23989ffe -> 
  custom:container-demuxer-webm: 4f35f7cbe854078d1ac9338744f61a02 -> 
  custom:container-muxer-webm: aa71ff27fc2769a1b78a27578f13a17b -> 
  custom:video-decoder-webm-vp8: 9c59270c3fd7afecdb556c50c9e8de78 -> 
  custom:SearchIndexIgnoredProperties: e643bd26f0fe6173181afceb89e7c659 -> 
  custom:AudioImporter_EditorPlatform: d09bf68614088b80899f8185d706f6e7 -> 
  custom:video-encoder-webm-vp8: eb34c28f22e8b96e1ab97ce403110664 -> 
  custom:audio-decoder-ogg-vorbis: bf7c407c2cedff20999df2af8eb42d56 -> 
  custom:audio-encoder-webm-vorbis: bf7c407c2cedff20999df2af8eb42d56 -> 
========================================================================
Received Import Request.
  Time since last request: 695003.308133 seconds.
  path: Assets/Monster/Bat.prefab
  artifactKey: Guid(50c0c412983ec8f4d859f63628121880) Importer(815301076,1909f56bfc062723c751e8b465ee728b)
Start importing Assets/Monster/Bat.prefab using Guid(50c0c412983ec8f4d859f63628121880) Importer(815301076,1909f56bfc062723c751e8b465ee728b)  -> (artifact id: '0d74ba02ed0c9d91f388681db45b7ad8') in 1.577038 seconds
Number of updated asset objects reloaded before import = 0
Number of asset objects unloaded after import = 22
========================================================================
Received Import Request.
  Time since last request: 8.363088 seconds.
  path: Assets/Monster/Bat.prefab
  artifactKey: Guid(50c0c412983ec8f4d859f63628121880) Importer(815301076,1909f56bfc062723c751e8b465ee728b)
Start importing Assets/Monster/Bat.prefab using Guid(50c0c412983ec8f4d859f63628121880) Importer(815301076,1909f56bfc062723c751e8b465ee728b)  -> (artifact id: '8d21ed803b18bf5a8511d7c305935241') in 0.101584 seconds
Number of updated asset objects reloaded before import = 0
Number of asset objects unloaded after import = 22
========================================================================
Received Import Request.
  Time since last request: 13.974918 seconds.
  path: Assets/Monster/Bat.prefab
  artifactKey: Guid(50c0c412983ec8f4d859f63628121880) Importer(815301076,1909f56bfc062723c751e8b465ee728b)
Start importing Assets/Monster/Bat.prefab using Guid(50c0c412983ec8f4d859f63628121880) Importer(815301076,1909f56bfc062723c751e8b465ee728b)  -> (artifact id: 'b2042a92335ab04bd947dd8128224d9f') in 0.044243 seconds
Number of updated asset objects reloaded before import = 0
Number of asset objects unloaded after import = 23
========================================================================
Received Import Request.
  Time since last request: 5.881106 seconds.
  path: Assets/Monster/Bat.prefab
  artifactKey: Guid(50c0c412983ec8f4d859f63628121880) Importer(815301076,1909f56bfc062723c751e8b465ee728b)
Start importing Assets/Monster/Bat.prefab using Guid(50c0c412983ec8f4d859f63628121880) Importer(815301076,1909f56bfc062723c751e8b465ee728b)  -> (artifact id: '74019351fc3de1baa011227c4f1ea607') in 0.073404 seconds
Number of updated asset objects reloaded before import = 0
Number of asset objects unloaded after import = 23
========================================================================
Received Import Request.
  Time since last request: 24.662390 seconds.
  path: Assets/Scripts/SpawnManager.cs
  artifactKey: Guid(e3f2f42be7ca4fa4b848d32dd91e81b3) Importer(815301076,1909f56bfc062723c751e8b465ee728b)
Start importing Assets/Scripts/SpawnManager.cs using Guid(e3f2f42be7ca4fa4b848d32dd91e81b3) Importer(815301076,1909f56bfc062723c751e8b465ee728b)  -> (artifact id: '05e5a9139df3820e64933ff051f0634b') in 0.000713 seconds
Number of updated asset objects reloaded before import = 0
Number of asset objects unloaded after import = 0
========================================================================
Received Import Request.
  Time since last request: 118.721505 seconds.
  path: Assets/Scripts/SpawnManager.cs
  artifactKey: Guid(e3f2f42be7ca4fa4b848d32dd91e81b3) Importer(815301076,1909f56bfc062723c751e8b465ee728b)
Start importing Assets/Scripts/SpawnManager.cs using Guid(e3f2f42be7ca4fa4b848d32dd91e81b3) Importer(815301076,1909f56bfc062723c751e8b465ee728b)  -> (artifact id: 'f92219e684d560e2589a7722080eae23') in 0.000825 seconds
Number of updated asset objects reloaded before import = 0
Number of asset objects unloaded after import = 0
========================================================================
Received Prepare
Begin MonoManager ReloadAssembly
- Loaded All Assemblies, in  0.722 seconds
Refreshing native plugins compatible for Editor in 8.75 ms, found 4 plugins.
Native extension for WindowsStandalone target not found
[Package Manager] Server::EnsureServerProcessIsRunning -- launch failed, reason: Unity was launched with the -noUpm command-line argument
[Package Manager] UpmClient::Send -- Unable to send message (not connected to UPM process).
[Package Manager] Cannot connect to Unity Package Manager local server
Mono: successfully reloaded assembly
- Finished resetting the current domain, in  1.892 seconds
Domain Reload Profiling: 2610ms
	BeginReloadAssembly (264ms)
		ExecutionOrderSort (0ms)
		DisableScriptedObjects (17ms)
		BackupInstance (0ms)
		ReleaseScriptingObjects (0ms)
		CreateAndSetChildDomain (51ms)
	RebuildCommonClasses (47ms)
	RebuildNativeTypeToScriptingClass (18ms)
	initialDomainReloadingComplete (42ms)
	LoadAllAssembliesAndSetupDomain (346ms)
		LoadAssemblies (464ms)
		RebuildTransferFunctionScriptingTraits (0ms)
		AnalyzeDomain (38ms)
			TypeCache.Refresh (12ms)
				TypeCache.ScanAssembly (0ms)
			ScanForSourceGeneratedMonoScriptInfo (15ms)
			ResolveRequiredComponents (10ms)
	FinalizeReload (1893ms)
		ReleaseScriptCaches (0ms)
		RebuildScriptCaches (0ms)
		SetupLoadedEditorAssemblies (1018ms)
			LogAssemblyErrors (0ms)
			InitializePlatformSupportModulesInManaged (9ms)
			SetLoadedEditorAssemblies (15ms)
			RefreshPlugins (0ms)
			BeforeProcessingInitializeOnLoad (292ms)
			ProcessInitializeOnLoadAttributes (628ms)
			ProcessInitializeOnLoadMethodAttributes (59ms)
			AfterProcessingInitializeOnLoad (14ms)
			EditorAssembliesLoaded (0ms)
		ExecutionOrderSort2 (0ms)
		AwakeInstancesAfterBackupRestoration (22ms)
Failed to load shader (instanceID 396, GUID 7cbb3655339ec401ca75ba5fe26884f4)
Failed to load shader (instanceID 398, GUID bedd19944f451ba4d83e7ed69be98d5c)
Failed to load shader (instanceID 400, GUID 3230fdc399f8287488325e5941a00527)
Failed to load shader (instanceID 402, GUID 9c442dc870b456e48b615cd8add0e9ef)
Failed to load shader (instanceID 404, GUID 603d454d711fe784cba9ce08dd22b881)
Failed to load shader (instanceID 406, GUID 0a8f4dcd626bcd14bbbfa5a5e116b16e)
Refreshing native plugins compatible for Editor in 5.93 ms, found 4 plugins.
Preloading 0 native plugins for Editor in 0.00 ms.
Unloading 4046 Unused Serialized files (Serialized files now loaded: 0)
Unloading 35 unused Assets / (34.7 KB). Loaded Objects now: 4529.
Memory consumption went from 138.8 MB to 138.7 MB.
Total: 3.766400 ms (FindLiveObjects: 0.339100 ms CreateObjectMapping: 0.359900 ms MarkObjects: 3.005500 ms  DeleteObjects: 0.060900 ms)

Prepare: number of updated asset objects reloaded= 0
AssetImportParameters requested are different than current active one (requested -> active):
  custom:container-demuxer-ogg: 62fdf1f143b41e24485cea50d1cbac27 -> 
  custom:video-decoder-ogg-theora: a1e56fd34408186e4bbccfd4996cb3dc -> 
  custom:framework-win-MediaFoundation: 216162199b28c13a410421893ffa2e32 -> 
  custom:CustomObjectIndexerAttribute: 756ad292c208cfabdd7b50bc23989ffe -> 
  custom:container-demuxer-webm: 4f35f7cbe854078d1ac9338744f61a02 -> 
  custom:container-muxer-webm: aa71ff27fc2769a1b78a27578f13a17b -> 
  custom:video-decoder-webm-vp8: 9c59270c3fd7afecdb556c50c9e8de78 -> 
  custom:SearchIndexIgnoredProperties: e643bd26f0fe6173181afceb89e7c659 -> 
  custom:AudioImporter_EditorPlatform: d09bf68614088b80899f8185d706f6e7 -> 
  custom:video-encoder-webm-vp8: eb34c28f22e8b96e1ab97ce403110664 -> 
  custom:audio-decoder-ogg-vorbis: bf7c407c2cedff20999df2af8eb42d56 -> 
  custom:audio-encoder-webm-vorbis: bf7c407c2cedff20999df2af8eb42d56 -> 
========================================================================
Received Prepare
Begin MonoManager ReloadAssembly
- Loaded All Assemblies, in  0.841 seconds
Refreshing native plugins compatible for Editor in 7.56 ms, found 4 plugins.
Native extension for WindowsStandalone target not found
[Package Manager] Server::EnsureServerProcessIsRunning -- launch failed, reason: Unity was launched with the -noUpm command-line argument
[Package Manager] UpmClient::Send -- Unable to send message (not connected to UPM process).
[Package Manager] Cannot connect to Unity Package Manager local server
Mono: successfully reloaded assembly
- Finished resetting the current domain, in  1.570 seconds
Domain Reload Profiling: 2400ms
	BeginReloadAssembly (257ms)
		ExecutionOrderSort (0ms)
		DisableScriptedObjects (35ms)
		BackupInstance (0ms)
		ReleaseScriptingObjects (0ms)
		CreateAndSetChildDomain (61ms)
	RebuildCommonClasses (59ms)
	RebuildNativeTypeToScriptingClass (20ms)
	initialDomainReloadingComplete (63ms)
	LoadAllAssembliesAndSetupDomain (431ms)
		LoadAssemblies (531ms)
		RebuildTransferFunctionScriptingTraits (0ms)
		AnalyzeDomain (20ms)
			TypeCache.Refresh (9ms)
				TypeCache.ScanAssembly (0ms)
			ScanForSourceGeneratedMonoScriptInfo (0ms)
			ResolveRequiredComponents (10ms)
	FinalizeReload (1570ms)
		ReleaseScriptCaches (0ms)
		RebuildScriptCaches (0ms)
		SetupLoadedEditorAssemblies (595ms)
			LogAssemblyErrors (0ms)
			InitializePlatformSupportModulesInManaged (11ms)
			SetLoadedEditorAssemblies (8ms)
			RefreshPlugins (0ms)
			BeforeProcessingInitializeOnLoad (121ms)
			ProcessInitializeOnLoadAttributes (398ms)
			ProcessInitializeOnLoadMethodAttributes (44ms)
			AfterProcessingInitializeOnLoad (12ms)
			EditorAssembliesLoaded (0ms)
		ExecutionOrderSort2 (0ms)
		AwakeInstancesAfterBackupRestoration (19ms)
Failed to load shader (instanceID 396, GUID 7cbb3655339ec401ca75ba5fe26884f4)
Failed to load shader (instanceID 398, GUID bedd19944f451ba4d83e7ed69be98d5c)
Failed to load shader (instanceID 400, GUID 3230fdc399f8287488325e5941a00527)
Failed to load shader (instanceID 402, GUID 9c442dc870b456e48b615cd8add0e9ef)
Failed to load shader (instanceID 404, GUID 603d454d711fe784cba9ce08dd22b881)
Failed to load shader (instanceID 406, GUID 0a8f4dcd626bcd14bbbfa5a5e116b16e)
Refreshing native plugins compatible for Editor in 9.71 ms, found 4 plugins.
Preloading 0 native plugins for Editor in 0.00 ms.
Unloading 4047 Unused Serialized files (Serialized files now loaded: 0)
Unloading 35 unused Assets / (34.9 KB). Loaded Objects now: 4533.
Memory consumption went from 139.0 MB to 139.0 MB.
Total: 5.383800 ms (FindLiveObjects: 0.366500 ms CreateObjectMapping: 0.500500 ms MarkObjects: 4.435800 ms  DeleteObjects: 0.079900 ms)

Prepare: number of updated asset objects reloaded= 0
AssetImportParameters requested are different than current active one (requested -> active):
  custom:container-demuxer-ogg: 62fdf1f143b41e24485cea50d1cbac27 -> 
  custom:video-decoder-ogg-theora: a1e56fd34408186e4bbccfd4996cb3dc -> 
  custom:framework-win-MediaFoundation: 216162199b28c13a410421893ffa2e32 -> 
  custom:CustomObjectIndexerAttribute: 756ad292c208cfabdd7b50bc23989ffe -> 
  custom:container-demuxer-webm: 4f35f7cbe854078d1ac9338744f61a02 -> 
  custom:container-muxer-webm: aa71ff27fc2769a1b78a27578f13a17b -> 
  custom:video-decoder-webm-vp8: 9c59270c3fd7afecdb556c50c9e8de78 -> 
  custom:SearchIndexIgnoredProperties: e643bd26f0fe6173181afceb89e7c659 -> 
  custom:AudioImporter_EditorPlatform: d09bf68614088b80899f8185d706f6e7 -> 
  custom:video-encoder-webm-vp8: eb34c28f22e8b96e1ab97ce403110664 -> 
  custom:audio-decoder-ogg-vorbis: bf7c407c2cedff20999df2af8eb42d56 -> 
  custom:audio-encoder-webm-vorbis: bf7c407c2cedff20999df2af8eb42d56 -> 
========================================================================
Received Import Request.
  Time since last request: 108.483167 seconds.
  path: Assets/Animation
  artifactKey: Guid(4af1d2d6a19cc0640aa18a256f5b8226) Importer(815301076,1909f56bfc062723c751e8b465ee728b)
Start importing Assets/Animation using Guid(4af1d2d6a19cc0640aa18a256f5b8226) Importer(815301076,1909f56bfc062723c751e8b465ee728b)  -> (artifact id: '018153bd51f63bbe231e39881192f5d2') in 0.004408 seconds
Number of updated asset objects reloaded before import = 0
Number of asset objects unloaded after import = 0
========================================================================
Received Import Request.
  Time since last request: 19.105909 seconds.
  path: Assets/Animation/Bat
  artifactKey: Guid(d9b5a5ee6eb810e498431b82899597af) Importer(815301076,1909f56bfc062723c751e8b465ee728b)
Start importing Assets/Animation/Bat using Guid(d9b5a5ee6eb810e498431b82899597af) Importer(815301076,1909f56bfc062723c751e8b465ee728b)  -> (artifact id: '704d011e8a487cc71d0f3eacbec39668') in 0.000559 seconds
Number of updated asset objects reloaded before import = 0
Number of asset objects unloaded after import = 0
========================================================================
Received Import Request.
  Time since last request: 6.882965 seconds.
  path: Assets/Animation/Character
  artifactKey: Guid(8eb5ae44d115ec4499b2fa24b57a08ef) Importer(815301076,1909f56bfc062723c751e8b465ee728b)
Start importing Assets/Animation/Character using Guid(8eb5ae44d115ec4499b2fa24b57a08ef) Importer(815301076,1909f56bfc062723c751e8b465ee728b)  -> (artifact id: 'b9e6635af70b3099237c8ee69b23c2d5') in 0.001319 seconds
Number of updated asset objects reloaded before import = 0
Number of asset objects unloaded after import = 0
========================================================================
Received Import Request.
  Time since last request: 3.650426 seconds.
  path: Assets/Animation/Idle.anim
  artifactKey: Guid(95deb947f6e447a0a9dfbdc03ed2762f) Importer(815301076,1909f56bfc062723c751e8b465ee728b)
Start importing Assets/Animation/Idle.anim using Guid(95deb947f6e447a0a9dfbdc03ed2762f) Importer(815301076,1909f56bfc062723c751e8b465ee728b)  -> (artifact id: '75a7c1fc797e3581cd7995c7337ef37c') in 0.012175 seconds
Number of updated asset objects reloaded before import = 0
Number of asset objects unloaded after import = 1
========================================================================
Received Import Request.
  Time since last request: 0.510800 seconds.
  path: Assets/Animation/Walk.anim
  artifactKey: Guid(44ba34d2283b4fa7ad7701b6fb82826e) Importer(815301076,1909f56bfc062723c751e8b465ee728b)
Start importing Assets/Animation/Walk.anim using Guid(44ba34d2283b4fa7ad7701b6fb82826e) Importer(815301076,1909f56bfc062723c751e8b465ee728b)  -> (artifact id: '8172845f712a00082fe877c41dd5d9dc') in 0.005484 seconds
Number of updated asset objects reloaded before import = 0
Number of asset objects unloaded after import = 1
========================================================================
Received Import Request.
  Time since last request: 24.074401 seconds.
  path: Assets/Cute-GUI-Pack-Lite/PNG/02_08_main_sell_ui/bar_01.png
  artifactKey: Guid(8f8d97e66cbd2f14c86037f8c2aaea22) Importer(815301076,1909f56bfc062723c751e8b465ee728b)
Start importing Assets/Cute-GUI-Pack-Lite/PNG/02_08_main_sell_ui/bar_01.png using Guid(8f8d97e66cbd2f14c86037f8c2aaea22) Importer(815301076,1909f56bfc062723c751e8b465ee728b)  -> (artifact id: 'a78e7658c5a01eb3f032dd005bc0bdcf') in 0.132978 seconds
Number of updated asset objects reloaded before import = 0
Number of asset objects unloaded after import = 3
========================================================================
Received Import Request.
  Time since last request: 0.000190 seconds.
  path: Assets/Enemy Galore 1 - Pixel Art/Sprites/Bat/Bat_Attack_FX.png
  artifactKey: Guid(7a638afa92b731446974b08b4f8a3201) Importer(815301076,1909f56bfc062723c751e8b465ee728b)
Start importing Assets/Enemy Galore 1 - Pixel Art/Sprites/Bat/Bat_Attack_FX.png using Guid(7a638afa92b731446974b08b4f8a3201) Importer(815301076,1909f56bfc062723c751e8b465ee728b)  -> (artifact id: '8d7eafa8eb5b2f5b6b1036162b8c08e8') in 0.079947 seconds
Number of updated asset objects reloaded before import = 0
Number of asset objects unloaded after import = 6
========================================================================
Received Import Request.
  Time since last request: 0.447181 seconds.
  path: Assets/Enemy Galore 1 - Pixel Art/Sprites/Crab/Crab_AttackA.png
  artifactKey: Guid(2ceb0bb8a5597a6468307ab9cac80aea) Importer(815301076,1909f56bfc062723c751e8b465ee728b)
Start importing Assets/Enemy Galore 1 - Pixel Art/Sprites/Crab/Crab_AttackA.png using Guid(2ceb0bb8a5597a6468307ab9cac80aea) Importer(815301076,1909f56bfc062723c751e8b465ee728b)  -> (artifact id: 'd9575fa7e34bad2e15c6fab86dc53423') in 0.096537 seconds
Number of updated asset objects reloaded before import = 0
Number of asset objects unloaded after import = 12
========================================================================
Received Import Request.
  Time since last request: 0.000016 seconds.
  path: Assets/Enemy Galore 1 - Pixel Art/Sprites/Crab/Crab_AttackC.png
  artifactKey: Guid(7c8902e8ebea147499b68bcb3cd51ec4) Importer(815301076,1909f56bfc062723c751e8b465ee728b)
Start importing Assets/Enemy Galore 1 - Pixel Art/Sprites/Crab/Crab_AttackC.png using Guid(7c8902e8ebea147499b68bcb3cd51ec4) Importer(815301076,1909f56bfc062723c751e8b465ee728b)  -> (artifact id: 'd98a8e6b6c8179d7693de876bd414d34') in 0.136911 seconds
Number of updated asset objects reloaded before import = 0
Number of asset objects unloaded after import = 13
========================================================================
Received Import Request.
  Time since last request: 0.001317 seconds.
  path: Assets/Enemy Galore 1 - Pixel Art/Sprites/Crab/Crab_AttackB_FX.png
  artifactKey: Guid(7a6711e9af0c1e348b01a758120343b6) Importer(815301076,1909f56bfc062723c751e8b465ee728b)
Start importing Assets/Enemy Galore 1 - Pixel Art/Sprites/Crab/Crab_AttackB_FX.png using Guid(7a6711e9af0c1e348b01a758120343b6) Importer(815301076,1909f56bfc062723c751e8b465ee728b)  -> (artifact id: '23a594093d35cb0865d36c8f040e620c') in 0.158372 seconds
Number of updated asset objects reloaded before import = 0
Number of asset objects unloaded after import = 5
========================================================================
Received Import Request.
  Time since last request: 0.000017 seconds.
  path: Assets/Enemy Galore 1 - Pixel Art/Sprites/Crab/Crab_AttackC_FX.png
  artifactKey: Guid(9164fca0983f5734bad23945fccd2e49) Importer(815301076,1909f56bfc062723c751e8b465ee728b)
Start importing Assets/Enemy Galore 1 - Pixel Art/Sprites/Crab/Crab_AttackC_FX.png using Guid(9164fca0983f5734bad23945fccd2e49) Importer(815301076,1909f56bfc062723c751e8b465ee728b)  -> (artifact id: '76f37921e3f965d65e854a86df243d16') in 0.096638 seconds
Number of updated asset objects reloaded before import = 0
Number of asset objects unloaded after import = 8
Editor requested this worker to shutdown with reason: Scaling down because of idle timeout
TcpMessagingSession - receive error: operation aborted. errorcode: 995, details: 스레드 종료 또는 응용 프로그램 요청 때문에 I/O 작업이 취소되었습니다.
AssetImportWorker is now disconnected from the server
Process exiting
Exiting without the bug reporter. Application will terminate with return code 0